0 info it worked if it ends with ok
1 verbose cli [ '/usr/bin/node', '/usr/bin/npm', 'restart' ]
2 info using npm@3.5.2
3 info using node@v8.10.0
4 verbose run-script [ 'prerestart',
4 verbose run-script   'prestop',
4 verbose run-script   'stop',
4 verbose run-script   'poststop',
4 verbose run-script   'restart',
4 verbose run-script   'prestart',
4 verbose run-script   'start',
4 verbose run-script   'poststart',
4 verbose run-script   'postrestart' ]
5 info lifecycle application-name@0.0.1~prerestart: application-name@0.0.1
6 silly lifecycle application-name@0.0.1~prerestart: no script for prerestart, continuing
7 info lifecycle application-name@0.0.1~prestop: application-name@0.0.1
8 silly lifecycle application-name@0.0.1~prestop: no script for prestop, continuing
9 info lifecycle application-name@0.0.1~stop: application-name@0.0.1
10 silly lifecycle application-name@0.0.1~stop: no script for stop, continuing
11 info lifecycle application-name@0.0.1~poststop: application-name@0.0.1
12 silly lifecycle application-name@0.0.1~poststop: no script for poststop, continuing
13 info lifecycle application-name@0.0.1~restart: application-name@0.0.1
14 silly lifecycle application-name@0.0.1~restart: no script for restart, continuing
15 info lifecycle application-name@0.0.1~prestart: application-name@0.0.1
16 silly lifecycle application-name@0.0.1~prestart: no script for prestart, continuing
17 info lifecycle application-name@0.0.1~start: application-name@0.0.1
18 verbose lifecycle application-name@0.0.1~start: unsafe-perm in lifecycle true
19 verbose lifecycle application-name@0.0.1~start: PATH: /usr/share/npm/bin/node-gyp-bin:/home/estudiante/Escritorio/Sentio/node_modules/.bin:/usr/local/sbin:/usr/local/bin:/usr/sbin:/usr/bin:/sbin:/bin:/usr/games:/snap/bin:/usr/lib/jvm/java-8-oracle/bin:/usr/lib/jvm/java-8-oracle/db/bin:/usr/lib/jvm/java-8-oracle/jre/bin:/usr/lib/jvm/java-8-oracle/bin:/usr/lib/jvm/java-8-oracle/db/bin:/usr/lib/jvm/java-8-oracle/jre/bin:/usr/local/bin/kratos:/opt/GiD/:/usr/local/bin/kratos:/opt/GiD/
20 verbose lifecycle application-name@0.0.1~start: CWD: /home/estudiante/Escritorio/Sentio
21 silly lifecycle application-name@0.0.1~start: Args: [ '-c', 'nodejs ./bin/www' ]
22 silly lifecycle application-name@0.0.1~start: Returned: code: 1  signal: null
23 info lifecycle application-name@0.0.1~start: Failed to exec start script
24 verbose stack Error: application-name@0.0.1 start: `nodejs ./bin/www`
24 verbose stack Exit status 1
24 verbose stack     at EventEmitter.<anonymous> (/usr/share/npm/lib/utils/lifecycle.js:232:16)
24 verbose stack     at emitTwo (events.js:126:13)
24 verbose stack     at EventEmitter.emit (events.js:214:7)
24 verbose stack     at ChildProcess.<anonymous> (/usr/share/npm/lib/utils/spawn.js:24:14)
24 verbose stack     at emitTwo (events.js:126:13)
24 verbose stack     at ChildProcess.emit (events.js:214:7)
24 verbose stack     at maybeClose (internal/child_process.js:925:16)
24 verbose stack     at Process.ChildProcess._handle.onexit (internal/child_process.js:209:5)
25 verbose pkgid application-name@0.0.1
26 verbose cwd /home/estudiante/Escritorio/Sentio
27 error Linux 4.15.0-20-generic
28 error argv "/usr/bin/node" "/usr/bin/npm" "restart"
29 error node v8.10.0
30 error npm  v3.5.2
31 error code ELIFECYCLE
32 error application-name@0.0.1 start: `nodejs ./bin/www`
32 error Exit status 1
33 error Failed at the application-name@0.0.1 start script 'nodejs ./bin/www'.
33 error Make sure you have the latest version of node.js and npm installed.
33 error If you do, this is most likely a problem with the application-name package,
33 error not with npm itself.
33 error Tell the author that this fails on your system:
33 error     nodejs ./bin/www
33 error You can get information on how to open an issue for this project with:
33 error     npm bugs application-name
33 error Or if that isn't available, you can get their info via:
33 error     npm owner ls application-name
33 error There is likely additional logging output above.
34 verbose exit [ 1, true ]
